<?xml version="1.0" encoding="UTF-8"?>
<!-- Generated by org.testng.reporters.JUnitReportReporter -->
<testsuite skipped="0" hostname="DESKTOP-5VCRRUU" name="softwareTesting.Seleniumtest" tests="1" failures="0" timestamp="2019-02-12T17:53:46 EST" time="0.000" errors="0">
  <testcase name="browserAutomation" time="0.000" classname="softwareTesting.Seleniumtest"/>
</testsuite> <!-- softwareTesting.Seleniumtest -->
